Determining if the pthread_create exist failed with the following output:
Change Dir: /home/pi/Modular_Snake_Robot/snake_robot_ws/build/CMakeFiles/CMakeTmp

Run Build Command:"/usr/bin/make" "cmTC_2fd1f/fast"
/usr/bin/make -f CMakeFiles/cmTC_2fd1f.dir/build.make CMakeFiles/cmTC_2fd1f.dir/build
make[1]: Entering directory '/home/pi/Modular_Snake_Robot/snake_robot_ws/build/CMakeFiles/CMakeTmp'
Building C object CMakeFiles/cmTC_2fd1f.dir/CheckSymbolExists.c.o
/usr/bin/cc     -o CMakeFiles/cmTC_2fd1f.dir/CheckSymbolExists.c.o   -c /home/pi/Modular_Snake_Robot/snake_robot_ws/build/CMakeFiles/CMakeTmp/CheckSymbolExists.c
Linking C executable cmTC_2fd1f
/usr/bin/cmake -E cmake_link_script CMakeFiles/cmTC_2fd1f.dir/link.txt --verbose=1
/usr/bin/cc       CMakeFiles/cmTC_2fd1f.dir/CheckSymbolExists.c.o  -o cmTC_2fd1f -rdynamic 
CMakeFiles/cmTC_2fd1f.dir/CheckSymbolExists.c.o: In function `main':
CheckSymbolExists.c:(.text+0x38): undefined reference to `pthread_create'
collect2: error: ld returned 1 exit status
CMakeFiles/cmTC_2fd1f.dir/build.make:97: recipe for target 'cmTC_2fd1f' failed
make[1]: *** [cmTC_2fd1f] Error 1
make[1]: Leaving directory '/home/pi/Modular_Snake_Robot/snake_robot_ws/build/CMakeFiles/CMakeTmp'
Makefile:126: recipe for target 'cmTC_2fd1f/fast' failed
make: *** [cmTC_2fd1f/fast] Error 2

File /home/pi/Modular_Snake_Robot/snake_robot_ws/build/CMakeFiles/CMakeTmp/CheckSymbolExists.c:
/* */
#include <pthread.h>

int main(int argc, char** argv)
{
  (void)argv;
#ifndef pthread_create
  return ((int*)(&pthread_create))[argc];
#else
  (void)argc;
  return 0;
#endif
}

Determining if the function pthread_create exists in the pthreads failed with the following output:
Change Dir: /home/pi/Modular_Snake_Robot/snake_robot_ws/build/CMakeFiles/CMakeTmp

Run Build Command:"/usr/bin/make" "cmTC_8374e/fast"
/usr/bin/make -f CMakeFiles/cmTC_8374e.dir/build.make CMakeFiles/cmTC_8374e.dir/build
make[1]: Entering directory '/home/pi/Modular_Snake_Robot/snake_robot_ws/build/CMakeFiles/CMakeTmp'
Building C object CMakeFiles/cmTC_8374e.dir/CheckFunctionExists.c.o
/usr/bin/cc    -DCHECK_FUNCTION_EXISTS=pthread_create   -o CMakeFiles/cmTC_8374e.dir/CheckFunctionExists.c.o   -c /usr/share/cmake-3.6/Modules/CheckFunctionExists.c
Linking C executable cmTC_8374e
/usr/bin/cmake -E cmake_link_script CMakeFiles/cmTC_8374e.dir/link.txt --verbose=1
/usr/bin/cc   -DCHECK_FUNCTION_EXISTS=pthread_create    CMakeFiles/cmTC_8374e.dir/CheckFunctionExists.c.o  -o cmTC_8374e -rdynamic -lpthreads 
/usr/bin/ld: cannot find -lpthreads
collect2: error: ld returned 1 exit status
CMakeFiles/cmTC_8374e.dir/build.make:97: recipe for target 'cmTC_8374e' failed
make[1]: *** [cmTC_8374e] Error 1
make[1]: Leaving directory '/home/pi/Modular_Snake_Robot/snake_robot_ws/build/CMakeFiles/CMakeTmp'
Makefile:126: recipe for target 'cmTC_8374e/fast' failed
make: *** [cmTC_8374e/fast] Error 2


